kotlin version: 2.0.21
error message: org.jetbrains.kotlin.backend.common.BackendException: Backend Internal error: Exception during IR lowering
File being compiled: /Users/afzaal/AndroidStudioProjects/FarmShop/app/src/main/java/com/example/farmshop/AgriScreens.kt
The root cause java.lang.RuntimeException was thrown at: org.jetbrains.kotlin.backend.jvm.codegen.FunctionCodegen.generate(FunctionCodegen.kt:47)
	at org.jetbrains.kotlin.backend.common.CodegenUtil.reportBackendException(CodegenUtil.kt:253)
	at org.jetbrains.kotlin.backend.common.CodegenUtil.reportBackendException$default(CodegenUtil.kt:236)
	at org.jetbrains.kotlin.backend.common.phaser.PerformByIrFilePhase.invokeSequential(performByIrFile.kt:65)
	at org.jetbrains.kotlin.backend.common.phaser.PerformByIrFilePhase.invoke(performByIrFile.kt:52)
	at org.jetbrains.kotlin.backend.common.phaser.PerformByIrFilePhase.invoke(performByIrFile.kt:38)
	at org.jetbrains.kotlin.backend.common.phaser.NamedCompilerPhase.phaseBody(CompilerPhase.kt:166)
	at org.jetbrains.kotlin.backend.common.phaser.AbstractNamedCompilerPhase.invoke(CompilerPhase.kt:113)
	at org.jetbrains.kotlin.backend.common.phaser.CompositePhase.invoke(PhaseBuilders.kt:27)
	at org.jetbrains.kotlin.backend.common.phaser.CompositePhase.invoke(PhaseBuilders.kt:14)
	at org.jetbrains.kotlin.backend.common.phaser.NamedCompilerPhase.phaseBody(CompilerPhase.kt:166)
	at org.jetbrains.kotlin.backend.common.phaser.AbstractNamedCompilerPhase.invoke(CompilerPhase.kt:113)
	at org.jetbrains.kotlin.backend.common.phaser.CompilerPhaseKt.invokeToplevel(CompilerPhase.kt:62)
	at org.jetbrains.kotlin.backend.jvm.JvmIrCodegenFactory.invokeCodegen(JvmIrCodegenFactory.kt:371)
	at org.jetbrains.kotlin.codegen.CodegenFactory.generateModule(CodegenFactory.kt:47)
	at org.jetbrains.kotlin.backend.jvm.JvmIrCodegenFactory.generateModuleInFrontendIRMode(JvmIrCodegenFactory.kt:433)
	at org.jetbrains.kotlin.cli.jvm.compiler.pipeline.JvmCompilerPipelineKt.generateCodeFromIr(jvmCompilerPipeline.kt:246)
	at org.jetbrains.kotlin.cli.jvm.compiler.pipeline.JvmCompilerPipelineKt.compileModulesUsingFrontendIrAndLightTree(jvmCompilerPipeline.kt:142)
	at org.jetbrains.kotlin.cli.jvm.K2JVMCompiler.doExecute(K2JVMCompiler.kt:148)
	at org.jetbrains.kotlin.cli.jvm.K2JVMCompiler.doExecute(K2JVMCompiler.kt:43)
	at org.jetbrains.kotlin.cli.common.CLICompiler.execImpl(CLICompiler.kt:103)
	at org.jetbrains.kotlin.cli.common.CLICompiler.execImpl(CLICompiler.kt:49)
	at org.jetbrains.kotlin.cli.common.CLITool.exec(CLITool.kt:101)
	at org.jetbrains.kotlin.incremental.IncrementalJvmCompilerRunner.runCompiler(IncrementalJvmCompilerRunner.kt:464)
	at org.jetbrains.kotlin.incremental.IncrementalJvmCompilerRunner.runCompiler(IncrementalJvmCompilerRunner.kt:73)
	at org.jetbrains.kotlin.incremental.IncrementalCompilerRunner.doCompile(IncrementalCompilerRunner.kt:506)
	at org.jetbrains.kotlin.incremental.IncrementalCompilerRunner.compileImpl(IncrementalCompilerRunner.kt:423)
	at org.jetbrains.kotlin.incremental.IncrementalCompilerRunner.compileNonIncrementally(IncrementalCompilerRunner.kt:301)
	at org.jetbrains.kotlin.incremental.IncrementalCompilerRunner.compile(IncrementalCompilerRunner.kt:129)
	at org.jetbrains.kotlin.daemon.CompileServiceImplBase.execIncrementalCompiler(CompileServiceImpl.kt:675)
	at org.jetbrains.kotlin.daemon.CompileServiceImplBase.access$execIncrementalCompiler(CompileServiceImpl.kt:92)
	at org.jetbrains.kotlin.daemon.CompileServiceImpl.compile(CompileServiceImpl.kt:1660)
	at java.base/jdk.internal.reflect.DirectMethodHandleAccessor.invoke(Unknown Source)
	at java.base/java.lang.reflect.Method.invoke(Unknown Source)
	at java.rmi/sun.rmi.server.UnicastServerRef.dispatch(Unknown Source)
	at java.rmi/sun.rmi.transport.Transport$1.run(Unknown Source)
	at java.rmi/sun.rmi.transport.Transport$1.run(Unknown Source)
	at java.base/java.security.AccessController.doPrivileged(Unknown Source)
	at java.rmi/sun.rmi.transport.Transport.serviceCall(Unknown Source)
	at java.rmi/sun.rmi.transport.tcp.TCPTransport.handleMessages(Unknown Source)
	at java.rmi/sun.rmi.transport.tcp.TCPTransport$ConnectionHandler.run0(Unknown Source)
	at java.rmi/sun.rmi.transport.tcp.TCPTransport$ConnectionHandler.lambda$run$0(Unknown Source)
	at java.base/java.security.AccessController.doPrivileged(Unknown Source)
	at java.rmi/sun.rmi.transport.tcp.TCPTransport$ConnectionHandler.run(Unknown Source)
	at java.base/java.util.concurrent.ThreadPoolExecutor.runWorker(Unknown Source)
	at java.base/java.util.concurrent.ThreadPoolExecutor$Worker.run(Unknown Source)
	at java.base/java.lang.Thread.run(Unknown Source)
Caused by: java.lang.RuntimeException: Exception while generating code for:
FUN name:AddProductScreen visibility:public modality:FINAL <> (navController:androidx.navigation.NavController, viewModel:com.example.farmshop.AppViewModel) returnType:kotlin.Unit
  annotations:
    OptIn(markerClass = [CLASS_REFERENCE 'CLASS IR_EXTERNAL_DECLARATION_STUB ANNOTATION_CLASS name:ExperimentalMaterial3Api modality:OPEN visibility:public superTypes:[kotlin.Annotation]' type=kotlin.reflect.KClass<androidx.compose.material3.ExperimentalMaterial3Api>])
    Composable
  VALUE_PARAMETER name:navController index:0 type:androidx.navigation.NavController
  VALUE_PARAMETER name:viewModel index:1 type:com.example.farmshop.AppViewModel
  BLOCK_BODY
    VAR PROPERTY_DELEGATE name:name$delegate type:androidx.compose.runtime.MutableState<kotlin.String> [val]
      CALL 'public final fun remember <T> (calculation: @[DisallowComposableCalls] kotlin.Function0<T of androidx.compose.runtime.ComposablesKt.remember>): T of androidx.compose.runtime.ComposablesKt.remember [inline] declared in androidx.compose.runtime.ComposablesKt' type=androidx.compose.runtime.MutableState<kotlin.String> origin=null
        <T>: androidx.compose.runtime.MutableState<kotlin.String>
        calculation: BLOCK type=kotlin.Function0<androidx.compose.runtime.MutableState<kotlin.String>> origin=LAMBDA
          COMPOSITE type=kotlin.Unit origin=null
          FUNCTION_REFERENCE 'private final fun AddProductScreen$lambda$13 (): androidx.compose.runtime.MutableState<kotlin.String> declared in com.example.farmshop.AgriScreensKt' type=kotlin.Function0<androidx.compose.runtime.MutableState<kotlin.String>> origin=INLINE_LAMBDA reflectionTarget=null
    VAR PROPERTY_DELEGATE name:price$delegate type:androidx.compose.runtime.MutableState<kotlin.String> [val]
      CALL 'public final fun remember <T> (calculation: @[DisallowComposableCalls] kotlin.Function0<T of androidx.compose.runtime.ComposablesKt.remember>): T of androidx.compose.runtime.ComposablesKt.remember [inline] declared in androidx.compose.runtime.ComposablesKt' type=androidx.compose.runtime.MutableState<kotlin.String> origin=null
        <T>: androidx.compose.runtime.MutableState<kotlin.String>
        calculation: BLOCK type=kotlin.Function0<androidx.compose.runtime.MutableState<kotlin.String>> origin=LAMBDA
          COMPOSITE type=kotlin.Unit origin=null
          FUNCTION_REFERENCE 'private final fun AddProductScreen$lambda$16 (): androidx.compose.runtime.MutableState<kotlin.String> declared in com.example.farmshop.AgriScreensKt' type=kotlin.Function0<androidx.compose.runtime.MutableState<kotlin.String>> origin=INLINE_LAMBDA reflectionTarget=null
    VAR PROPERTY_DELEGATE name:desc$delegate type:androidx.compose.runtime.MutableState<kotlin.String> [val]
      CALL 'public final fun remember <T> (calculation: @[DisallowComposableCalls] kotlin.Function0<T of androidx.compose.runtime.ComposablesKt.remember>): T of androidx.compose.runtime.ComposablesKt.remember [inline] declared in androidx.compose.runtime.ComposablesKt' type=androidx.compose.runtime.MutableState<kotlin.String> origin=null
        <T>: androidx.compose.runtime.MutableState<kotlin.String>
        calculation: BLOCK type=kotlin.Function0<androidx.compose.runtime.MutableState<kotlin.String>> origin=LAMBDA
          COMPOSITE type=kotlin.Unit origin=null
          FUNCTION_REFERENCE 'private final fun AddProductScreen$lambda$19 (): androidx.compose.runtime.MutableState<kotlin.String> declared in com.example.farmshop.AgriScreensKt' type=kotlin.Function0<androidx.compose.runtime.MutableState<kotlin.String>> origin=INLINE_LAMBDA reflectionTarget=null
    VAR PROPERTY_DELEGATE name:imageUri$delegate type:androidx.compose.runtime.MutableState<android.net.Uri?> [val]
      CALL 'public final fun remember <T> (calculation: @[DisallowComposableCalls] kotlin.Function0<T of androidx.compose.runtime.ComposablesKt.remember>): T of androidx.compose.runtime.ComposablesKt.remember [inline] declared in androidx.compose.runtime.ComposablesKt' type=androidx.compose.runtime.MutableState<android.net.Uri?> origin=null
        <T>: androidx.compose.runtime.MutableState<android.net.Uri?>
        calculation: BLOCK type=kotlin.Function0<androidx.compose.runtime.MutableState<android.net.Uri?>> origin=LAMBDA
          COMPOSITE type=kotlin.Unit origin=null
          FUNCTION_REFERENCE 'private final fun AddProductScreen$lambda$22 (): androidx.compose.runtime.MutableState<android.net.Uri?> declared in com.example.farmshop.AgriScreensKt' type=kotlin.Function0<androidx.compose.runtime.MutableState<android.net.Uri?>> origin=INLINE_LAMBDA reflectionTarget=null
    VAR PROPERTY_DELEGATE name:isLoading$delegate type:androidx.compose.runtime.State<kotlin.Boolean> [val]
      TYPE_OP type=androidx.compose.runtime.State<kotlin.Boolean> origin=IMPLICIT_CAST typeOperand=androidx.compose.runtime.State<kotlin.Boolean>
        CALL 'public final fun collectAsState$default <T> (context: kotlin.coroutines.CoroutineContext?, $mask0: kotlin.Int, $handler: kotlin.Any?): androidx.compose.runtime.State<T of androidx.compose.runtime.SnapshotStateKt.collectAsState$default> declared in androidx.compose.runtime.SnapshotStateKt' type=androidx.compose.runtime.State<T of androidx.compose.runtime.SnapshotStateKt.collectAsState$default> origin=DEFAULT_DISPATCH_CALL
          <T>: kotlin.Boolean
          $receiver: CALL 'public final fun <get-isLoading> (): kotlinx.coroutines.flow.StateFlow<kotlin.Boolean> declared in com.example.farmshop.AppViewModel' type=kotlinx.coroutines.flow.StateFlow<kotlin.Boolean> origin=GET_PROPERTY
            $this: GET_VAR 'viewModel: com.example.farmshop.AppViewModel declared in com.example.farmshop.AgriScreensKt.AddProductScreen' type=com.example.farmshop.AppViewModel origin=null
          context: COMPOSITE type=kotlin.coroutines.CoroutineContext? origin=DEFAULT_VALUE
            CONST Null type=kotlin.coroutines.CoroutineContext? value=null
          $mask0: CONST Int type=kotlin.Int value=1
          $handler: CONST Null type=kotlin.Any? value=null
    VAR PROPERTY_DELEGATE name:uploadSuccess$delegate type:androidx.compose.runtime.State<kotlin.Boolean> [val]
      TYPE_OP type=androidx.compose.runtime.State<kotlin.Boolean> origin=IMPLICIT_CAST typeOperand=androidx.compose.runtime.State<kotlin.Boolean>
        CALL 'public final fun collectAsState$default <T> (context: kotlin.coroutines.CoroutineContext?, $mask0: kotlin.Int, $handler: kotlin.Any?): androidx.compose.runtime.State<T of androidx.compose.runtime.SnapshotStateKt.collectAsState$default> declared in androidx.compose.runtime.SnapshotStateKt' type=androidx.compose.runtime.State<T of androidx.compose.runtime.SnapshotStateKt.collectAsState$default> origin=DEFAULT_DISPATCH_CALL
          <T>: kotlin.Boolean
          $receiver: CALL 'public final fun <get-uploadSuccess> (): kotlinx.coroutines.flow.StateFlow<kotlin.Boolean> declared in com.example.farmshop.AppViewModel' type=kotlinx.coroutines.flow.StateFlow<kotlin.Boolean> origin=GET_PROPERTY
            $this: GET_VAR 'viewModel: com.example.farmshop.AppViewModel declared in com.example.farmshop.AgriScreensKt.AddProductScreen' type=com.example.farmshop.AppViewModel origin=null
          context: COMPOSITE type=kotlin.coroutines.CoroutineContext? origin=DEFAULT_VALUE
            CONST Null type=kotlin.coroutines.CoroutineContext? value=null
          $mask0: CONST Int type=kotlin.Int value=1
          $handler: CONST Null type=kotlin.Any? value=null
    VAR name:photoPickerLauncher type:androidx.activity.compose.ManagedActivityResultLauncher<androidx.activity.result.PickVisualMediaRequest, android.net.Uri?> [val]
      CALL 'public final fun rememberLauncherForActivityResult <I, O> (contract: androidx.activity.result.contract.ActivityResultContract<I of androidx.activity.compose.ActivityResultRegistryKt.rememberLauncherForActivityResult, O of androidx.activity.compose.ActivityResultRegistryKt.rememberLauncherForActivityResult>, onResult: kotlin.Function1<O of androidx.activity.compose.ActivityResultRegistryKt.rememberLauncherForActivityResult, kotlin.Unit>): androidx.activity.compose.ManagedActivityResultLauncher<I of androidx.activity.compose.ActivityResultRegistryKt.rememberLauncherForActivityResult, O of androidx.activity.compose.ActivityResultRegistryKt.rememberLauncherForActivityResult> declared in androidx.activity.compose.ActivityResultRegistryKt' type=androidx.activity.compose.ManagedActivityResultLauncher<androidx.activity.result.PickVisualMediaRequest, android.net.Uri?> origin=null
        <I>: androidx.activity.result.PickVisualMediaRequest
        <O>: android.net.Uri?
        contract: CONSTRUCTOR_CALL 'public constructor <init> () [primary] declared in androidx.activity.result.contract.ActivityResultContracts.PickVisualMedia' type=androidx.activity.result.contract.ActivityResultContracts.PickVisualMedia origin=null
        onResult: BLOCK type=kotlin.Function1<android.net.Uri?, kotlin.Unit> origin=LAMBDA
          COMPOSITE type=kotlin.Unit origin=null
          CALL 'public final fun <jvm-indy> <T> (dynamicCall: T of kotlin.jvm.internal.<jvm-indy>, bootstrapMethodHandle: kotlin.Any, vararg bootstrapMethodArguments: kotlin.Any): T of kotlin.jvm.internal.<jvm-indy> declared in kotlin.jvm.internal' type=kotlin.Function1<android.net.Uri?, kotlin.Unit> origin=null
            <T>: kotlin.Function1<android.net.Uri?, kotlin.Unit>
            dynamicCall: CALL 'public final fun invoke (p0: androidx.compose.runtime.MutableState<android.net.Uri?>): kotlin.Function1<android.net.Uri?, kotlin.Unit> declared in kotlin.jvm.internal.invokeDynamic' type=kotlin.Function1<android.net.Uri?, kotlin.Unit> origin=null
              p0: GET_VAR 'val imageUri$delegate: androidx.compose.runtime.MutableState<android.net.Uri?> [val] declared in com.example.farmshop.AgriScreensKt.AddProductScreen' type=androidx.compose.runtime.MutableState<android.net.Uri?> origin=null
            bootstrapMethodHandle: CALL 'public final fun <jvm-method-handle> (tag: kotlin.Int, owner: kotlin.String, name: kotlin.String, descriptor: kotlin.String, isInterface: kotlin.Boolean): kotlin.Any declared in kotlin.jvm.internal' type=kotlin.Any origin=null
              tag: CONST Int type=kotlin.Int value=6
              owner: CONST String type=kotlin.String value="java/lang/invoke/LambdaMetafactory"
              name: CONST String type=kotlin.String value="metafactory"
              descriptor: CONST String type=kotlin.String value="(Ljava/lang/invoke/MethodHandles$Lookup;Ljava/lang/String;Ljava/lang/invoke/MethodType;Ljava/lang/invoke/MethodType;Ljava/lang/invoke/MethodHandle;Ljava/lang/invoke/MethodType;)Ljava/lang/invoke/CallSite;"
              isInterface: CONST Boolean type=kotlin.Boolean value=false
            bootstrapMethodArguments: VARARG type=kotlin.Array<kotlin.Any> varargElementType=kotlin.Any
              CALL 'public final fun <jvm-original-method-type> (method: kotlin.Any): kotlin.Any declared in kotlin.jvm.internal' type=kotlin.Any origin=null
                method: RAW_FUNCTION_REFERENCE 'public abstract fun invoke (p1: P1 of kotlin.Function1): R of kotlin.Function1 [operator] declared in kotlin.Function1' type=kotlin.Any
              RAW_FUNCTION_REFERENCE 'private final fun AddProductScreen$lambda$27 ($imageUri$delegate: androidx.compose.runtime.MutableState<android.net.Uri?>, uri: android.net.Uri?): kotlin.Unit? declared in com.example.farmshop.AgriScreensKt' type=kotlin.Any
              CALL 'public final fun <jvm-original-method-type> (method: kotlin.Any): kotlin.Any declared in kotlin.jvm.internal' type=kotlin.Any origin=null
                method: RAW_FUNCTION_REFERENCE 'public abstract fun invoke (p1: android.net.Uri?): kotlin.Unit? [fake_override,operator] declared in kotlin.jvm.internal.invokeDynamic.<fake>' type=kotlin.Any
    CALL 'public final fun LaunchedEffect (key1: kotlin.Any?, block: @[ExtensionFunctionType] kotlin.coroutines.SuspendFunction1<kotlinx.coroutines.CoroutineScope, kotlin.Unit>): kotlin.Unit declared in androidx.compose.runtime.EffectsKt' type=kotlin.Unit origin=null
      key1: CALL 'private final fun AddProductScreen$lambda$26 ($uploadSuccess$delegate: androidx.compose.runtime.State<kotlin.Boolean>): kotlin.Boolean declared in com.example.farmshop.AgriScreensKt' type=kotlin.Boolean origin=GET_LOCAL_PROPERTY
        $uploadSuccess$delegate: GET_VAR 'val uploadSuccess$delegate: androidx.compose.runtime.State<kotlin.Boolean> [val] declared in com.example.farmshop.AgriScreensKt.AddProductScreen' type=androidx.compose.runtime.State<kotlin.Boolean> origin=null
      block: BLOCK type=com.example.farmshop.AgriScreensKt.AddProductScreen.<no name provided> origin=null
        CLASS SUSPEND_LAMBDA CLASS name:<no name provided> modality:FINAL visibility:public/*package*/ superTypes:[kotlin.coroutines.jvm.internal.SuspendLambda; kotlin.jvm.functions.Function2<kotlinx.coroutines.CoroutineScope, kotlin.coroutines.Continuation<kotlin.Unit>?, kotlin.Any?>]
          $this: VALUE_PARAMETER INSTANCE_RECEIVER name:<this> type:com.example.farmshop.AgriScreensKt.AddProductScreen.<no name provided>
          FIELD name:label type:kotlin.Int visibility:public/*package*/
          CONSTRUCTOR SUSPEND_LAMBDA visibility:public/*package*/ <> ($viewModel:com.example.farmshop.AppViewModel, $navController:androidx.navigation.NavController, $uploadSuccess$delegate:androidx.compose.runtime.State<kotlin.Boolean>, $completion:kotlin.coroutines.Continuation<com.example.farmshop.AgriScreensKt.AddProductScreen.<no name provided>>?) returnType:com.example.farmshop.AgriScreensKt.AddProductScreen.<no name provided> [primary]
            VALUE_PARAMETER BOUND_VALUE_PARAMETER name:$viewModel index:0 type:com.example.farmshop.AppViewModel
            VALUE_PARAMETER BOUND_VALUE_PARAMETER name:$navController index:1 type:androidx.navigation.NavController
            VALUE_PARAMETER BOUND_VALUE_PARAMETER name:$uploadSuccess$delegate index:2 type:androidx.compose.runtime.State<kotlin.Boolean>
            VALUE_PARAMETER name:$completion index:3 type:kotlin.coroutines.Continuation<com.example.farmshop.AgriScreensKt.AddProductScreen.<no name provided>>?
            BLOCK_BODY
              SET_FIELD 'FIELD FIELD_FOR_CAPTURED_VALUE name:$viewModel type:com.example.farmshop.AppViewModel visibility:public/*package*/ [final] declared in com.example.farmshop.AgriScreensKt.AddProductScreen.<no name provided>' type=kotlin.Unit origin=INITIALIZER_OF_FIELD_FOR_CAPTURED_VALUE
                receiver: GET_VAR '<this>: com.example.farmshop.AgriScreensKt.AddProductScreen.<no name provided> declared in com.example.farmshop.AgriScreensKt.AddProductScreen.<no name provided>' type=com.example.farmshop.AgriScreensKt.AddProductScreen.<no name provided> origin=null
                value: GET_VAR '$viewModel: com.example.farmshop.AppViewModel declared in com.example.farmshop.AgriScreensKt.AddProductScreen.<no name provided>.<init>' type=com.example.farmshop.AppViewModel origin=null
              SET_FIELD 'FIELD FIELD_FOR_CAPTURED_VALUE name:$navController type:androidx.navigation.NavController visibility:public/*package*/ [final] declared in com.example.farmshop.AgriScreensKt.AddProductScreen.<no name provided>' type=kotlin.Unit origin=INITIALIZER_OF_FIELD_FOR_CAPTURED_VALUE
                receiver: GET_VAR '<this>: com.example.farmshop.AgriScreensKt.AddProductScreen.<no name provided> declared in com.example.farmshop.AgriScreensKt.AddProductScreen.<no name provided>' type=com.example.farmshop.AgriScreensKt.AddProductScreen.<no name provided> origin=null
                value: GET_VAR '$navController: androidx.navigation.NavController declared in com.example.farmshop.AgriScreensKt.AddProductScreen.<no name provided>.<init>' type=androidx.navigation.NavController origin=null
              SET_FIELD 'FIELD FIELD_FOR_CAPTURED_VALUE name:$uploadSuccess$delegate type:androidx.compose.runtime.State<kotlin.Boolean> visibility:public/*package*/ [final] declared in com.example.farmshop.AgriScreensKt.AddProductScreen.<no name provided>' type=kotlin.Unit origin=INITIALIZER_OF_FIELD_FOR_CAPTURED_VALUE
                receiver: GET_VAR '<this>: com.example.farmshop.AgriScreensKt.AddProductScreen.<no name provided> declared in com.example.farmshop.AgriScreensKt.AddProductScreen.<no name provided>' type=com.example.farmshop.AgriScreensKt.AddProductScreen.<no name provided> origin=null
                value: GET_VAR '$uploadSuccess$delegate: androidx.compose.runtime.State<kotlin.Boolean> declared in com.example.farmshop.AgriScreensKt.AddProductScreen.<no name provided>.<init>' type=androidx.compose.runtime.State<kotlin.Boolean> origin=null
              DELEGATING_CONSTRUCTOR_CALL 'public constructor <init> (arity: kotlin.Int, $completion: kotlin.coroutines.Continuation<kotlin.Any?>?) declared in kotlin.coroutines.jvm.internal.SuspendLambda'
                arity: CONST Int type=kotlin.Int value=2
                $completion: GET_VAR '$completion: kotlin.coroutines.Continuation<com.example.farmshop.AgriScreensKt.AddProductScreen.<no name provided>>? declared in com.example.farmshop.AgriScreensKt.AddProductScreen.<no name provided>.<init>' type=kotlin.coroutines.Continuation<com.example.farmshop.AgriScreensKt.AddProductScreen.<no name provided>>? origin=null
              BLOCK type=kotlin.Unit origin=null
          FUN name:invokeSuspend visibility:public modality:FINAL <> ($this:com.example.farmshop.AgriScreensKt.AddProductScreen.<no name provided>, $result:kotlin.Result<kotlin.Any?>) returnType:kotlin.Any?
            overridden:
              protected abstract fun invokeSuspend ($result: kotlin.Result<kotlin.Any?>): kotlin.Any? declared in kotlin.coroutines.jvm.internal.SuspendLambda
            $this: VALUE_PARAMETER INSTANCE_RECEIVER name:<this> type:com.example.farmshop.AgriScreensKt.AddProductScreen.<no name provided>
            VALUE_PARAMETER name:$result index:0 type:kotlin.Result<kotlin.Any?>
            BLOCK_BODY
              WHEN type=kotlin.Unit origin=IF
                BRANCH
                  if: CALL 'public final fun access$AddProductScreen$lambda$26 ($uploadSuccess$delegate: androidx.compose.runtime.State<kotlin.Boolean>): kotlin.Boolean declared in com.example.farmshop.AgriScreensKt' type=kotlin.Boolean origin=GET_LOCAL_PROPERTY
                    $uploadSuccess$delegate: GET_FIELD 'FIELD FIELD_FOR_CAPTURED_VALUE name:$uploadSuccess$delegate type:androidx.compose.runtime.State<kotlin.Boolean> visibility:public/*package*/ [final] declared in com.example.farmshop.AgriScreensKt.AddProductScreen.<no name provided>' type=androidx.compose.runtime.State<kotlin.Boolean> origin=null
                      receiver: GET_VAR '<this>: com.example.farmshop.AgriScreensKt.AddProductScreen.<no name provided> declared in com.example.farmshop.AgriScreensKt.AddProductScreen.<no name provided>.invokeSuspend' type=com.example.farmshop.AgriScreensKt.AddProductScreen.<no name provided> origin=null
                  then: COMPOSITE type=kotlin.Unit origin=null
                    BLOCK type=kotlin.Boolean origin=null
                      CALL 'public final fun resetUploadState (): kotlin.Unit declared in com.example.farmshop.AppViewModel' type=kotlin.Unit origin=null
                        $this: GET_FIELD 'FIELD FIELD_FOR_CAPTURED_VALUE name:$viewModel type:com.example.farmshop.AppViewModel visibility:public/*package*/ [final] declared in com.example.farmshop.AgriScreensKt.AddProductScreen.<no name provided>' type=com.example.farmshop.AppViewModel origin=null
                          receiver: GET_VAR '<this>: com.example.farmshop.AgriScreensKt.AddProductScreen.<no name provided> declared in com.example.farmshop.AgriScreensKt.AddProductScreen.<no name provided>.invokeSuspend' type=com.example.farmshop.AgriScreensKt.AddProductScreen.<no name provided> origin=null
                      CALL 'public open fun popBackStack (): kotlin.Boolean declared in androidx.navigation.NavController' type=kotlin.Boolean origin=null
                        $this: GET_FIELD 'FIELD FIELD_FOR_CAPTURED_VALUE name:$navController type:androidx.navigation.NavController visibility:public/*package*/ [final] declared in com.example.farmshop.AgriScreensKt.AddProductScreen.<no name provided>' type=androidx.navigation.NavController origin=null
                          receiver: GET_VAR '<this>: com.example.farmshop.AgriScreensKt.AddProductScreen.<no name provided> declared in com.example.farmshop.AgriScreensKt.AddProductScreen.<no name provided>.invokeSuspend' type=com.example.farmshop.AgriScreensKt.AddProductScreen.<no name provided> origin=null
                    COMPOSITE type=kotlin.Unit origin=null
          FUN name:create visibility:public modality:FINAL <> ($this:com.example.farmshop.AgriScreensKt.AddProductScreen.<no name provided>, value:kotlin.Any?, $completion:kotlin.coroutines.Continuation<kotlin.Nothing>) returnType:kotlin.coroutines.Continuation<kotlin.Unit>
            overridden:
              public open fun create (value: kotlin.Any?, $completion: kotlin.coroutines.Continuation<kotlin.Nothing>): kotlin.coroutines.Continuation<kotlin.Unit> declared in kotlin.coroutines.jvm.internal.SuspendLambda
            $this: VALUE_PARAMETER INSTANCE_RECEIVER name:<this> type:com.example.farmshop.AgriScreensKt.AddProductScreen.<no name provided>
            VALUE_PARAMETER name:value index:0 type:kotlin.Any?
            VALUE_PARAMETER name:$completion index:1 type:kotlin.coroutines.Continuation<kotlin.Nothing>
            BLOCK_BODY
              RETURN type=kotlin.Nothing from='public final fun create (value: kotlin.Any?, $completion: kotlin.coroutines.Continuation<kotlin.Nothing>): kotlin.coroutines.Continuation<kotlin.Unit> declared in com.example.farmshop.AgriScreensKt.AddProductScreen.<no name provided>'
                CONSTRUCTOR_CALL 'public/*package*/ constructor <init> ($viewModel: com.example.farmshop.AppViewModel, $navController: androidx.navigation.NavController, $uploadSuccess$delegate: androidx.compose.runtime.State<kotlin.Boolean>, $completion: kotlin.coroutines.Continuation<com.example.farmshop.AgriScreensKt.AddProductScreen.<no name provided>>?) [primary] declared in com.example.farmshop.AgriScreensKt.AddProductScreen.<no name provided>' type=com.example.farmshop.AgriScreensKt.AddProductScreen.<no name provided> origin=null
                  $viewModel: GET_FIELD 'FIELD FIELD_FOR_CAPTURED_VALUE name:$viewModel type:com.example.farmshop.AppViewModel visibility:public/*package*/ [final] declared in com.example.farmshop.AgriScreensKt.AddProductScreen.<no name provided>' type=com.example.farmshop.AppViewModel origin=null
                    receiver: GET_VAR '<this>: com.example.farmshop.AgriScreensKt.AddProductScreen.<no name provided> declared in com.example.farmshop.AgriScreensKt.AddProductScreen.<no name provided>.create' type=com.example.farmshop.AgriScreensKt.AddProductScreen.<no name provided> origin=null
                  $navController: GET_FIELD 'FIELD FIELD_FOR_CAPTURED_VALUE name:$navController type:androidx.navigation.NavController visibility:public/*package*/ [final] declared in com.example.farmshop.AgriScreensKt.AddProductScreen.<no name provided>' type=androidx.navigation.NavController origin=null
                    receiver: GET_VAR '<this>: com.example.farmshop.AgriScreensKt.AddProductScreen.<no name provided> declared in com.example.farmshop.AgriScreensKt.AddProductScreen.<no name provided>.create' type=com.example.farmshop.AgriScreensKt.AddProductScreen.<no name provided> origin=null
                  $uploadSuccess$delegate: GET_FIELD 'FIELD FIELD_FOR_CAPTURED_VALUE name:$uploadSuccess$delegate type:androidx.compose.runtime.State<kotlin.Boolean> visibility:public/*package*/ [final] declared in com.example.farmshop.AgriScreensKt.AddProductScreen.<no name provided>' type=androidx.compose.runtime.State<kotlin.Boolean> origin=null
                    receiver: GET_VAR '<this>: com.example.farmshop.AgriScreensKt.AddProductScreen.<no name provided> declared in com.example.farmshop.AgriScreensKt.AddProductScreen.<no name provided>.create' type=com.example.farmshop.AgriScreensKt.AddProductScreen.<no name provided> origin=null
                  $completion: GET_VAR '$completion: kotlin.coroutines.Continuation<kotlin.Nothing> declared in com.example.farmshop.AgriScreensKt.AddProductScreen.<no name provided>.create' type=kotlin.coroutines.Continuation<kotlin.Nothing> origin=null
          FUN name:invoke visibility:public modality:FINAL <> ($this:com.example.farmshop.AgriScreensKt.AddProductScreen.<no name provided>, p1:kotlinx.coroutines.CoroutineScope, p2:kotlin.coroutines.Continuation<kotlin.Unit>?) returnType:kotlin.Any?
            overridden:
              public abstract fun invoke (p1: P1 of kotlin.jvm.functions.Function2, p2: P2 of kotlin.jvm.functions.Function2): R of kotlin.jvm.functions.Function2 declared in kotlin.jvm.functions.Function2
            $this: VALUE_PARAMETER INSTANCE_RECEIVER name:<this> type:com.example.farmshop.AgriScreensKt.AddProductScreen.<no name provided>
            VALUE_PARAMETER name:p1 index:0 type:kotlinx.coroutines.CoroutineScope
            VALUE_PARAMETER name:p2 index:1 type:kotlin.coroutines.Continuation<kotlin.Unit>?
            BLOCK_BODY
              RETURN type=kotlin.Nothing from='public final fun invoke (p1: kotlinx.coroutines.CoroutineScope, p2: kotlin.coroutines.Continuation<kotlin.Unit>?): kotlin.Any? declared in com.example.farmshop.AgriScreensKt.AddProductScreen.<no name provided>'
                CALL 'public final fun invokeSuspend ($result: kotlin.Result<kotlin.Any?>): kotlin.Any? declared in com.example.farmshop.AgriScreensKt.AddProductScreen.<no name provided>' type=kotlin.Any? origin=null
                  $this: TYPE_OP type=com.example.farmshop.AgriScreensKt.AddProductScreen.<no name provided> origin=IMPLICIT_CAST typeOperand=com.example.farmshop.AgriScreensKt.AddProductScreen.<no name provided>
                    CALL 'public final fun create (value: kotlin.Any?, $completion: kotlin.coroutines.Continuation<kotlin.Nothing>): kotlin.coroutines.Continuation<kotlin.Unit> declared in com.example.farmshop.AgriScreensKt.AddProductScreen.<no name provided>' type=kotlin.coroutines.Continuation<kotlin.Unit> origin=null
                      $this: GET_VAR '<this>: com.example.farmshop.AgriScreensKt.AddProductScreen.<no name provided> declared in com.example.farmshop.AgriScreensKt.AddProductScreen.<no name provided>.invoke' type=com.example.farmshop.AgriScreensKt.AddProductScreen.<no name provided> origin=null
                      value: GET_VAR 'p1: kotlinx.coroutines.CoroutineScope declared in com.example.farmshop.AgriScreensKt.AddProductScreen.<no name provided>.invoke' type=kotlinx.coroutines.CoroutineScope origin=null
                      $completion: GET_VAR 'p2: kotlin.coroutines.Continuation<kotlin.Unit>? declared in com.example.farmshop.AgriScreensKt.AddProductScreen.<no name provided>.invoke' type=kotlin.coroutines.Continuation<kotlin.Unit>? origin=null
                  $result: CALL 'public final fun <unsafe-coerce> <T, R> (v: T of kotlin.jvm.internal.<unsafe-coerce>): R of kotlin.jvm.internal.<unsafe-coerce> declared in kotlin.jvm.internal' type=kotlin.Result<kotlin.Any?> origin=null
                    <T>: kotlin.Any?
                    <R>: kotlin.Result<kotlin.Any?>
                    v: GET_FIELD 'FIELD FIELD_FOR_OBJECT_INSTANCE name:INSTANCE type:kotlin.Unit visibility:public [final,static] declared in kotlin.Unit' type=kotlin.Unit origin=null
          FIELD FIELD_FOR_CAPTURED_VALUE name:$viewModel type:com.example.farmshop.AppViewModel visibility:public/*package*/ [final]
          FIELD FIELD_FOR_CAPTURED_VALUE name:$navController type:androidx.navigation.NavController visibility:public/*package*/ [final]
          FIELD FIELD_FOR_CAPTURED_VALUE name:$uploadSuccess$delegate type:androidx.compose.runtime.State<kotlin.Boolean> visibility:public/*package*/ [final]
          FUN BRIDGE name:invoke visibility:public modality:OPEN <> ($this:com.example.farmshop.AgriScreensKt.AddProductScreen.<no name provided>, p1:kotlin.Any?, p2:kotlin.Any?) returnType:kotlin.Any?
            $this: VALUE_PARAMETER INSTANCE_RECEIVER name:<this> type:com.example.farmshop.AgriScreensKt.AddProductScreen.<no name provided>
            VALUE_PARAMETER BRIDGE name:p1 index:0 type:kotlin.Any?
            VALUE_PARAMETER BRIDGE name:p2 index:1 type:kotlin.Any?
            EXPRESSION_BODY
              RETURN type=kotlin.Nothing from='public open fun invoke (p1: kotlin.Any?, p2: kotlin.Any?): kotlin.Any? declared in com.example.farmshop.AgriScreensKt.AddProductScreen.<no name provided>'
                CALL 'public final fun invoke (p1: kotlinx.coroutines.CoroutineScope, p2: kotlin.coroutines.Continuation<kotlin.Unit>?): kotlin.Any? declared in com.example.farmshop.AgriScreensKt.AddProductScreen.<no name provided>' type=kotlin.Any? origin=BRIDGE_DELEGATION
                  $this: GET_VAR '<this>: com.example.farmshop.AgriScreensKt.AddProductScreen.<no name provided> declared in com.example.farmshop.AgriScreensKt.AddProductScreen.<no name provided>.invoke' type=com.example.farmshop.AgriScreensKt.AddProductScreen.<no name provided> origin=null
                  p1: TYPE_OP type=kotlinx.coroutines.CoroutineScope origin=IMPLICIT_CAST typeOperand=kotlinx.coroutines.CoroutineScope
                    GET_VAR 'p1: kotlin.Any? declared in com.example.farmshop.AgriScreensKt.AddProductScreen.<no name provided>.invoke' type=kotlin.Any? origin=null
                  p2: TYPE_OP type=kotlin.coroutines.Continuation<*> origin=IMPLICIT_CAST typeOperand=kotlin.coroutines.Continuation<*>
                    GET_VAR 'p2: kotlin.Any? declared in com.example.farmshop.AgriScreensKt.AddProductScreen.<no name provided>.invoke' type=kotlin.Any? origin=null
        CONSTRUCTOR_CALL 'public/*package*/ constructor <init> ($viewModel: com.example.farmshop.AppViewModel, $navController: androidx.navigation.NavController, $uploadSuccess$delegate: androidx.compose.runtime.State<kotlin.Boolean>, $completion: kotlin.coroutines.Continuation<com.example.farmshop.AgriScreensKt.AddProductScreen.<no name provided>>?) [primary] declared in com.example.farmshop.AgriScreensKt.AddProductScreen.<no name provided>' type=com.example.farmshop.AgriScreensKt.AddProductScreen.<no name provided> origin=null
          $viewModel: GET_VAR 'viewModel: com.example.farmshop.AppViewModel declared in com.example.farmshop.AgriScreensKt.AddProductScreen' type=com.example.farmshop.AppViewModel origin=null
          $navController: GET_VAR 'navController: androidx.navigation.NavController declared in com.example.farmshop.AgriScreensKt.AddProductScreen' type=androidx.navigation.NavController origin=null
          $uploadSuccess$delegate: GET_VAR 'val uploadSuccess$delegate: androidx.compose.runtime.State<kotlin.Boolean> [val] declared in com.example.farmshop.AgriScreensKt.AddProductScreen' type=androidx.compose.runtime.State<kotlin.Boolean> origin=null
          $completion: CONST Null type=kotlin.Nothing? value=null
    CALL 'public final fun Scaffold-QMVK-b8$default (modifier: androidx.compose.ui.Modifier?, topBar: @[Composable] kotlin.Function0<kotlin.Unit>?, bottomBar: @[Composable] kotlin.Function0<kotlin.Unit>?, snackbarHost: @[Composable] kotlin.Function0<kotlin.Unit>?, floatingActionButton: @[Composable] kotlin.Function0<kotlin.Unit>?, floatingActionButtonPosition: androidx.compose.material3.FabPosition, containerColor: androidx.compose.ui.graphics.Color, contentColor: androidx.compose.ui.graphics.Color, contentWindowInsets: androidx.compose.foundation.layout.WindowInsets?, content: @[Composable] kotlin.Function1<androidx.compose.foundation.layout.PaddingValues, kotlin.Unit>, $mask0: kotlin.Int, $handler: kotlin.Any?): kotlin.Unit declared in androidx.compose.material3.ScaffoldKt' type=kotlin.Unit origin=DEFAULT_DISPATCH_CALL
      modifier: COMPOSITE type=androidx.compose.ui.Modifier? origin=DEFAULT_VALUE
        CONST Null type=androidx.compose.ui.Modifier? value=null
      topBar: BLOCK type=kotlin.Function0<kotlin.Unit> origin=LAMBDA
        COMPOSITE type=kotlin.Unit origin=null
        CALL 'public final fun <jvm-indy> <T> (dynamicCall: T of kotlin.jvm.internal.<jvm-indy>, bootstrapMethodHandle: kotlin.Any, vararg bootstrapMethodArguments: kotlin.Any): T of kotlin.jvm.internal.<jvm-indy> declared in kotlin.jvm.internal' type=kotlin.Function0<kotlin.Unit> origin=null
          <T>: kotlin.Function0<kotlin.Unit>
          dynamicCall: CALL 'public final fun invoke (p0: androidx.navigation.NavController): kotlin.Function0<kotlin.Unit> declared in kotlin.jvm.internal.invokeDynamic' type=kotlin.Function0<kotlin.Unit> origin=null
            p0: GET_VAR 'navController: androidx.navigation.NavController declared in com.example.farmshop.AgriScreensKt.AddProductScreen' type=androidx.navigation.NavController origin=null
          bootstrapMethodHandle: CALL 'public final fun <jvm-method-handle> (tag: kotlin.Int, owner: kotlin.String, name: kotlin.String, descriptor: kotlin.String, isInterface: kotlin.Boolean): kotlin.Any declared in kotlin.jvm.internal' type=kotlin.Any origin=null
            tag: CONST Int type=kotlin.Int value=6
            owner: CONST String type=kotlin.String value="java/lang/invoke/LambdaMetafactory"
            name: CONST String type=kotlin.String value="metafactory"
            descriptor: CONST String type=kotlin.String value="(Ljava/lang/invoke/MethodHandles$Lookup;Ljava/lang/String;Ljava/lang/invoke/MethodType;Ljava/lang/invoke/MethodType;Ljava/lang/invoke/MethodHandle;Ljava/lang/invoke/MethodType;)Ljava/lang/invoke/CallSite;"
            isInterface: CONST Boolean type=kotlin.Boolean value=false
          bootstrapMethodArguments: VARARG type=kotlin.Array<kotlin.Any> varargElementType=kotlin.Any
            CALL 'public final fun <jvm-original-method-type> (method: kotlin.Any): kotlin.Any declared in kotlin.jvm.internal' type=kotlin.Any origin=null
              method: RAW_FUNCTION_REFERENCE 'public abstract fun invoke (): R of kotlin.Function0 [operator] declared in kotlin.Function0' type=kotlin.Any
            RAW_FUNCTION_REFERENCE 'private final fun AddProductScreen$lambda$32 ($navController: androidx.navigation.NavController): kotlin.Unit? declared in com.example.farmshop.AgriScreensKt' type=kotlin.Any
            CALL 'public final fun <jvm-original-method-type> (method: kotlin.Any): kotlin.Any declared in kotlin.jvm.internal' type=kotlin.Any origin=null
              method: RAW_FUNCTION_REFERENCE 'public abstract fun invoke (): kotlin.Unit? [fake_override,operator] declared in kotlin.jvm.internal.invokeDynamic.<fake>' type=kotlin.Any
      bottomBar: COMPOSITE type=@[Composable] kotlin.Function0<kotlin.Unit>? origin=DEFAULT_VALUE
        CONST Null type=@[Composable] kotlin.Function0<kotlin.Unit>? value=null
      snackbarHost: COMPOSITE type=@[Composable] kotlin.Function0<kotlin.Unit>? origin=DEFAULT_VALUE
        CONST Null type=@[Composable] kotlin.Function0<kotlin.Unit>? value=null
      floatingActionButton: COMPOSITE type=@[Composable] kotlin.Function0<kotlin.Unit>? origin=DEFAULT_VALUE
        CONST Null type=@[Composable] kotlin.Function0<kotlin.Unit>? value=null
      floatingActionButtonPosition: COMPOSITE type=androidx.compose.material3.FabPosition origin=DEFAULT_VALUE
        CALL 'public final fun <unsafe-coerce> <T, R> (v: T of kotlin.jvm.internal.<unsafe-coerce>): R of kotlin.jvm.internal.<unsafe-coerce> declared in kotlin.jvm.internal' type=androidx.compose.material3.FabPosition origin=null
          <T>: kotlin.Int
          <R>: androidx.compose.material3.FabPosition
          v: CONST Int type=kotlin.Int value=0
      containerColor: COMPOSITE type=androidx.compose.ui.graphics.Color origin=DEFAULT_VALUE
        CALL 'public final fun <unsafe-coerce> <T, R> (v: T of kotlin.jvm.internal.<unsafe-coerce>): R of kotlin.jvm.internal.<unsafe-coerce> declared in kotlin.jvm.internal' type=androidx.compose.ui.graphics.Color origin=null
          <T>: kotlin.Long
          <R>: androidx.compose.ui.graphics.Color
          v: CONST Long type=kotlin.Long value=0
      contentColor: COMPOSITE type=androidx.compose.ui.graphics.Color origin=DEFAULT_VALUE
        CALL 'public final fun <unsafe-coerce> <T, R> (v: T of kotlin.jvm.internal.<unsafe-coerce>): R of kotlin.jvm.internal.<unsafe-coerce> declared in kotlin.jvm.internal' type=androidx.compose.ui.graphics.Color origin=null
          <T>: kotlin.Long
          <R>: androidx.compose.ui.graphics.Color
          v: CONST Long type=kotlin.Long value=0
      contentWindowInsets: COMPOSITE type=androidx.compose.foundation.layout.WindowInsets? origin=DEFAULT_VALUE
        CONST Null type=androidx.compose.foundation.layout.WindowInsets? value=null
      content: BLOCK type=kotlin.Function1<androidx.compose.foundation.layout.PaddingValues, kotlin.Unit> origin=LAMBDA
        COMPOSITE type=kotlin.Unit origin=null
        CALL 'public final fun <jvm-indy> <T> (dynamicCall: T of kotlin.jvm.internal.<jvm-indy>, bootstrapMethodHandle: kotlin.Any, vararg bootstrapMethodArguments: kotlin.Any): T of kotlin.jvm.internal.<jvm-indy> declared in kotlin.jvm.internal' type=kotlin.Function1<androidx.compose.foundation.layout.PaddingValues, kotlin.Unit> origin=null
          <T>: kotlin.Function1<androidx.compose.foundation.layout.PaddingValues, kotlin.Unit>
          dynamicCall: CALL 'public final fun invoke (p0: androidx.activity.compose.ManagedActivityResultLauncher<androidx.activity.result.PickVisualMediaRequest, android.net.Uri?>, p1: androidx.compose.runtime.MutableState<android.net.Uri?>, p2: androidx.compose.runtime.MutableState<kotlin.String>, p3: androidx.compose.runtime.MutableState<kotlin.String>, p4: androidx.compose.runtime.MutableState<kotlin.String>, p5: com.example.farmshop.AppViewModel, p6: androidx.compose.runtime.State<kotlin.Boolean>): kotlin.Function1<androidx.compose.foundation.layout.PaddingValues, kotlin.Unit> declared in kotlin.jvm.internal.invokeDynamic' type=kotlin.Function1<androidx.compose.foundation.layout.PaddingValues, kotlin.Unit> origin=null
            p0: GET_VAR 'val photoPickerLauncher: androidx.activity.compose.ManagedActivityResultLauncher<androidx.activity.result.PickVisualMediaRequest, android.net.Uri?> [val] declared in com.example.farmshop.AgriScreensKt.AddProductScreen' type=androidx.activity.compose.ManagedActivityResultLauncher<androidx.activity.result.PickVisualMediaRequest, android.net.Uri?> origin=null
            p1: GET_VAR 'val imageUri$delegate: androidx.compose.runtime.MutableState<android.net.Uri?> [val] declared in com.example.farmshop.AgriScreensKt.AddProductScreen' type=androidx.compose.runtime.MutableState<android.net.Uri?> origin=null
            p2: GET_VAR 'val name$delegate: androidx.compose.runtime.MutableState<kotlin.String> [val] declared in com.example.farmshop.AgriScreensKt.AddProductScreen' type=androidx.compose.runtime.MutableState<kotlin.String> origin=null
            p3: GET_VAR 'val price$delegate: androidx.compose.runtime.MutableState<kotlin.String> [val] declared in com.example.farmshop.AgriScreensKt.AddProductScreen' type=androidx.compose.runtime.MutableState<kotlin.String> origin=null
            p4: GET_VAR 'val desc$delegate: androidx.compose.runtime.MutableState<kotlin.String> [val] declared in com.example.farmshop.AgriScreensKt.AddProductScreen' type=androidx.compose.runtime.MutableState<kotlin.String> origin=null
            p5: GET_VAR 'viewModel: com.example.farmshop.AppViewModel declared in com.example.farmshop.AgriScreensKt.AddProductScreen' type=com.example.farmshop.AppViewModel origin=null
            p6: GET_VAR 'val isLoading$delegate: androidx.compose.runtime.State<kotlin.Boolean> [val] declared in com.example.farmshop.AgriScreensKt.AddProductScreen' type=androidx.compose.runtime.State<kotlin.Boolean> origin=null
          bootstrapMethodHandle: CALL 'public final fun <jvm-method-handle> (tag: kotlin.Int, owner: kotlin.String, name: kotlin.String, descriptor: kotlin.String, isInterface: kotlin.Boolean): kotlin.Any declared in kotlin.jvm.internal' type=kotlin.Any origin=null
            tag: CONST Int type=kotlin.Int value=6
            owner: CONST String type=kotlin.String value="java/lang/invoke/LambdaMetafactory"
            name: CONST String type=kotlin.String value="metafactory"
            descriptor: CONST String type=kotlin.String value="(Ljava/lang/invoke/MethodHandles$Lookup;Ljava/lang/String;Ljava/lang/invoke/MethodType;Ljava/lang/invoke/MethodType;Ljava/lang/invoke/MethodHandle;Ljava/lang/invoke/MethodType;)Ljava/lang/invoke/CallSite;"
            isInterface: CONST Boolean type=kotlin.Boolean value=false
          bootstrapMethodArguments: VARARG type=kotlin.Array<kotlin.Any> varargElementType=kotlin.Any
            CALL 'public final fun <jvm-original-method-type> (method: kotlin.Any): kotlin.Any declared in kotlin.jvm.internal' type=kotlin.Any origin=null
              method: RAW_FUNCTION_REFERENCE 'public abstract fun invoke (p1: P1 of kotlin.Function1): R of kotlin.Function1 [operator] declared in kotlin.Function1' type=kotlin.Any
            RAW_FUNCTION_REFERENCE 'private final fun AddProductScreen$lambda$45 ($photoPickerLauncher: androidx.activity.compose.ManagedActivityResultLauncher<androidx.activity.result.PickVisualMediaRequest, android.net.Uri?>, $imageUri$delegate: androidx.compose.runtime.MutableState<android.net.Uri?>, $name$delegate: androidx.compose.runtime.MutableState<kotlin.String>, $price$delegate: androidx.compose.runtime.MutableState<kotlin.String>, $desc$delegate: androidx.compose.runtime.MutableState<kotlin.String>, $viewModel: com.example.farmshop.AppViewModel, $isLoading$delegate: androidx.compose.runtime.State<kotlin.Boolean>, padding: androidx.compose.foundation.layout.PaddingValues): kotlin.Unit? declared in com.example.farmshop.AgriScreensKt' type=kotlin.Any
            CALL 'public final fun <jvm-original-method-type> (method: kotlin.Any): kotlin.Any declared in kotlin.jvm.internal' type=kotlin.Any origin=null
              method: RAW_FUNCTION_REFERENCE 'public abstract fun invoke (p1: androidx.compose.foundation.layout.PaddingValues): kotlin.Unit? [fake_override,operator] declared in kotlin.jvm.internal.invokeDynamic.<fake>' type=kotlin.Any
      $mask0: CONST Int type=kotlin.Int value=509
      $handler: CONST Null type=kotlin.Any? value=null

	at org.jetbrains.kotlin.backend.jvm.codegen.FunctionCodegen.generate(FunctionCodegen.kt:47)
	at org.jetbrains.kotlin.backend.jvm.codegen.FunctionCodegen.generate$default(FunctionCodegen.kt:40)
	at org.jetbrains.kotlin.backend.jvm.codegen.ClassCodegen.generateMethodNode(ClassCodegen.kt:406)
	at org.jetbrains.kotlin.backend.jvm.codegen.ClassCodegen.generateMethod(ClassCodegen.kt:423)
	at org.jetbrains.kotlin.backend.jvm.codegen.ClassCodegen.generate(ClassCodegen.kt:168)
	at org.jetbrains.kotlin.backend.jvm.FileCodegen.lower(JvmPhases.kt:39)
	at org.jetbrains.kotlin.backend.common.phaser.PhaseFactoriesKt.createFilePhase$lambda$4(PhaseFactories.kt:71)
	at org.jetbrains.kotlin.backend.common.phaser.PhaseBuildersKt$createSimpleNamedCompilerPhase$1.phaseBody(PhaseBuilders.kt:69)
	at org.jetbrains.kotlin.backend.common.phaser.SimpleNamedCompilerPhase.phaseBody(CompilerPhase.kt:226)
	at org.jetbrains.kotlin.backend.common.phaser.AbstractNamedCompilerPhase.invoke(CompilerPhase.kt:113)
	at org.jetbrains.kotlin.backend.common.phaser.PerformByIrFilePhase.invokeSequential(performByIrFile.kt:62)
	... 43 more
Caused by: org.jetbrains.kotlin.codegen.CompilationException: Back-end (JVM) Internal error: Couldn't inline method call: CALL 'public final fun remember <T> (calculation: @[DisallowComposableCalls] kotlin.Function0<T of androidx.compose.runtime.ComposablesKt.remember>): T of androidx.compose.runtime.ComposablesKt.remember [inline] declared in androidx.compose.runtime.ComposablesKt' type=androidx.compose.runtime.MutableState<kotlin.String> origin=null
Method: null
File is unknown
The root cause java.lang.IllegalStateException was thrown at: org.jetbrains.kotlin.codegen.inline.SourceCompilerForInlineKt.getMethodNode(SourceCompilerForInline.kt:118)
	at org.jetbrains.kotlin.codegen.inline.InlineCodegen.performInline(InlineCodegen.kt:65)
	at org.jetbrains.kotlin.backend.jvm.codegen.IrInlineCodegen.genInlineCall(IrInlineCodegen.kt:163)
	at org.jetbrains.kotlin.backend.jvm.codegen.IrInlineCallGenerator.genCall(IrInlineCallGenerator.kt:36)
	at org.jetbrains.kotlin.backend.jvm.codegen.ExpressionCodegen.visitCall(ExpressionCodegen.kt:653)
	at org.jetbrains.kotlin.backend.jvm.codegen.ExpressionCodegen.visitCall(ExpressionCodegen.kt:138)
	at org.jetbrains.kotlin.ir.expressions.IrCall.accept(IrCall.kt:24)
	at org.jetbrains.kotlin.backend.jvm.codegen.ExpressionCodegen.visitVariable(ExpressionCodegen.kt:790)
	at org.jetbrains.kotlin.backend.jvm.codegen.ExpressionCodegen.visitVariable(ExpressionCodegen.kt:138)
	at org.jetbrains.kotlin.ir.declarations.IrVariable.accept(IrVariable.kt:36)
	at org.jetbrains.kotlin.backend.jvm.codegen.ExpressionCodegen.visitStatementContainer(ExpressionCodegen.kt:579)
	at org.jetbrains.kotlin.backend.jvm.codegen.ExpressionCodegen.visitBlockBody(ExpressionCodegen.kt:584)
	at org.jetbrains.kotlin.backend.jvm.codegen.ExpressionCodegen.visitBlockBody(ExpressionCodegen.kt:138)
	at org.jetbrains.kotlin.ir.expressions.IrBlockBody.accept(IrBlockBody.kt:20)
	at org.jetbrains.kotlin.backend.jvm.codegen.ExpressionCodegen.generate(ExpressionCodegen.kt:240)
	at org.jetbrains.kotlin.backend.jvm.codegen.FunctionCodegen.doGenerate(FunctionCodegen.kt:123)
	at org.jetbrains.kotlin.backend.jvm.codegen.FunctionCodegen.generate(FunctionCodegen.kt:44)
	... 53 more
Caused by: java.lang.IllegalStateException: couldn't find inline method Landroidx/compose/runtime/ComposablesKt;.remember(Lkotlin/jvm/functions/Function0;)Ljava/lang/Object;
	at org.jetbrains.kotlin.codegen.inline.SourceCompilerForInlineKt.getMethodNode(SourceCompilerForInline.kt:118)
	at org.jetbrains.kotlin.codegen.inline.SourceCompilerForInlineKt.loadCompiledInlineFunction(SourceCompilerForInline.kt:96)
	at org.jetbrains.kotlin.backend.jvm.codegen.IrSourceCompilerForInline.compileInlineFunction(IrSourceCompilerForInline.kt:91)
	at org.jetbrains.kotlin.codegen.inline.InlineCodegen.compileInline(InlineCodegen.kt:43)
	at org.jetbrains.kotlin.codegen.inline.InlineCodegen.performInline(InlineCodegen.kt:51)
	... 68 more


